19:32:16.496 INFO [main] org.lenskit.cli.Main: Starting LensKit 3.0-M1 on Java 1.8.0_251 from Oracle Corporation
19:32:16.517 DEBUG [main] org.lenskit.LenskitInfo: have 5573 active revisions
19:32:16.524 DEBUG [main] org.lenskit.cli.Main: Built from Git revision c0210fa3281ef8b15b0959bcd5fced43c5fec38a
19:32:16.524 DEBUG [main] org.lenskit.cli.Main: Using VM 'Java HotSpot(TM) 64-Bit Server VM' version 25.251-b08 from Oracle Corporation
19:32:16.524 INFO [main] org.lenskit.cli.Main: Have 8 processors and heap limit of 1776 MiB
19:32:16.543 INFO [main] org.lenskit.cli.util.RecommenderLoader: creating fresh recommender
19:32:16.795 INFO [main] org.lenskit.config.ConfigurationLoader: loading script from file:/C:/Users/hasee/OneDrive/Desktop/Online%20Courses/Rec%20Systems/Intro%20to%20Rec%20systems/honors/week2/nonpers-assignment/etc/damped-mean.groovy
19:32:17.239 DEBUG [main] org.lenskit.data.dao.file.TextEntitySource: loading source ratings with base URI file:/C:/Users/hasee/OneDrive/Desktop/Online%20Courses/Rec%20Systems/Intro%20to%20Rec%20systems/honors/week2/nonpers-assignment/data/movielens.yml
19:32:17.240 DEBUG [main] org.lenskit.data.dao.file.TextEntitySource: resolved file URI: file:/C:/Users/hasee/OneDrive/Desktop/Online%20Courses/Rec%20Systems/Intro%20to%20Rec%20systems/honors/week2/nonpers-assignment/data/ratings.csv
19:32:17.249 INFO [main] org.lenskit.data.dao.file.TextEntitySource: loading text file source ratings to read from file:/C:/Users/hasee/OneDrive/Desktop/Online%20Courses/Rec%20Systems/Intro%20to%20Rec%20systems/honors/week2/nonpers-assignment/data/ratings.csv
19:32:17.255 DEBUG [main] org.lenskit.data.dao.file.TextEntitySource: ratings: using delimiter ,
19:32:17.255 DEBUG [main] org.lenskit.data.dao.file.TextEntitySource: ratings: reading header
19:32:17.255 DEBUG [main] org.lenskit.data.dao.file.TextEntitySource: ratings: reading entities of type EntityType[rating]
19:32:17.291 DEBUG [main] org.lenskit.data.dao.file.TextEntitySource: class org.lenskit.data.ratings.RatingBuilder: using entity builder {}
19:32:17.292 DEBUG [main] org.lenskit.data.dao.file.TextEntitySource: loading source movies with base URI file:/C:/Users/hasee/OneDrive/Desktop/Online%20Courses/Rec%20Systems/Intro%20to%20Rec%20systems/honors/week2/nonpers-assignment/data/movielens.yml
19:32:17.292 DEBUG [main] org.lenskit.data.dao.file.TextEntitySource: resolved file URI: file:/C:/Users/hasee/OneDrive/Desktop/Online%20Courses/Rec%20Systems/Intro%20to%20Rec%20systems/honors/week2/nonpers-assignment/data/movies.csv
19:32:17.292 INFO [main] org.lenskit.data.dao.file.TextEntitySource: loading text file source movies to read from file:/C:/Users/hasee/OneDrive/Desktop/Online%20Courses/Rec%20Systems/Intro%20to%20Rec%20systems/honors/week2/nonpers-assignment/data/movies.csv
19:32:17.292 DEBUG [main] org.lenskit.data.dao.file.TextEntitySource: movies: using delimiter ,
19:32:17.292 DEBUG [main] org.lenskit.data.dao.file.TextEntitySource: movies: reading header
19:32:17.292 DEBUG [main] org.lenskit.data.dao.file.TextEntitySource: movies: reading entities of type EntityType[item]
19:32:17.292 DEBUG [main] org.lenskit.data.dao.file.TextEntitySource: class org.lenskit.data.entities.BasicEntityBuilder: using entity builder {}
19:32:17.292 DEBUG [main] org.lenskit.data.dao.file.TextEntitySource: loading source tags with base URI file:/C:/Users/hasee/OneDrive/Desktop/Online%20Courses/Rec%20Systems/Intro%20to%20Rec%20systems/honors/week2/nonpers-assignment/data/movielens.yml
19:32:17.292 DEBUG [main] org.lenskit.data.dao.file.TextEntitySource: resolved file URI: file:/C:/Users/hasee/OneDrive/Desktop/Online%20Courses/Rec%20Systems/Intro%20to%20Rec%20systems/honors/week2/nonpers-assignment/data/tags.csv
19:32:17.293 INFO [main] org.lenskit.data.dao.file.TextEntitySource: loading text file source tags to read from file:/C:/Users/hasee/OneDrive/Desktop/Online%20Courses/Rec%20Systems/Intro%20to%20Rec%20systems/honors/week2/nonpers-assignment/data/tags.csv
19:32:17.293 DEBUG [main] org.lenskit.data.dao.file.TextEntitySource: tags: using delimiter ,
19:32:17.293 DEBUG [main] org.lenskit.data.dao.file.TextEntitySource: tags: reading header
19:32:17.293 DEBUG [main] org.lenskit.data.dao.file.TextEntitySource: tags: reading entities of type EntityType[item-tag]
19:32:17.293 DEBUG [main] org.lenskit.data.dao.file.TextEntitySource: class org.lenskit.data.entities.BasicEntityBuilder: using entity builder {}
19:32:17.296 DEBUG [main] org.lenskit.LenskitRecommenderEngineBuilder: building graph from 3 configurations
19:32:17.349 DEBUG [main] org.lenskit.inject.RecommenderInstantiator: replacing nodes in graph with 10 nodes
19:32:17.356 DEBUG [main] org.lenskit.inject.RecommenderInstantiator: found 6 shared nodes
19:32:18.242 INFO [main] org.lenskit.data.dao.file.StaticDataSource: deriving entity type EntityType[user] from EntityType[rating] (column TypedName[user: long])
19:32:18.293 INFO [main] org.lenskit.data.dao.file.StaticDataSource: deriving entity type EntityType[item] from EntityType[rating] (column TypedName[item: long])
19:32:18.325 DEBUG [main] org.lenskit.data.entities.EntityCollectionBuilder: built collection of 2500 entities with type EntityType[item] and 2 indexes
19:32:18.343 DEBUG [main] org.lenskit.data.entities.EntityCollectionBuilder: built collection of 264505 entities with type EntityType[rating] and 2 indexes
19:32:18.352 DEBUG [main] org.lenskit.data.entities.EntityCollectionBuilder: built collection of 94875 entities with type EntityType[item-tag] and 2 indexes
19:32:18.352 DEBUG [main] org.lenskit.data.entities.EntityCollectionBuilder: built collection of 862 entities with type EntityType[user] and 2 indexes
19:32:18.429 DEBUG [main] org.lenskit.inject.RecommenderInstantiator: final graph has 10 nodes
19:32:18.432 INFO [main] org.lenskit.cli.util.RecommenderLoader: built recommender in 1.136 s
19:32:18.436 INFO [main] org.lenskit.cli.commands.GlobalRecommend: using 0 reference items: []
19:32:18.437 INFO [main] org.lenskit.mooc.nonpers.mean.MeanItemBasedItemRecommender: computing 10 recommendations from 2500 items
19:32:18.454 INFO [main] org.lenskit.cli.commands.GlobalRecommend: recommended in 18.30 ms
19:32:18.458 INFO [main] org.lenskit.cli.Main: If you use LensKit in published research, please see http://lenskit.org/research/
